<?xml version="1.0" encoding="UTF-8"?>
<testsuite xmlns:xsi="http://www.w3.org/2001/XMLSchema-instance" xsi:noNamespaceSchemaLocation="https://maven.apache.org/surefire/maven-surefire-plugin/xsd/surefire-test-report-3.0.xsd" version="3.0" name="com.example.tests.TMDBApiTest" time="0.568" tests="2" errors="0" skipped="0" failures="0">
  <properties>
[...]
</properties>
  <testcase name="getMovieById_usingApiKey_returnsMovieWithTitle" classname="com.example.tests.TMDBApiTest" time="0.285">
    <system-err><![CDATA[[main] INFO http-requests - HTTP REQUEST -> GET https://api.themoviedb.org/3/movie/550?api_key=5dba1876f2432e45e087200843cf85f8 | headers: Accept: */* | Content-Type: application/json | body: <empty>
[main] INFO http-requests - HTTP REQUEST -> GET https://api.themoviedb.org/3/movie/550?api_key=5dba1876f2432e45e087200843cf85f8 | headers: Accept: */* | Content-Type: application/json | body: <empty>
[main] INFO http-requests - HTTP REQUEST -> GET https://api.themoviedb.org/3/movie/550?api_key=5dba1876f2432e45e087200843cf85f8 | headers: Accept: */* | Content-Type: application/json | body: <empty>
[main] INFO http-requests - HTTP REQUEST -> GET https://api.themoviedb.org/3/movie/550?api_key=5dba1876f2432e45e087200843cf85f8 | headers: Accept: */* | Content-Type: application/json | body: <empty>
[main] INFO http-requests - HTTP REQUEST -> GET https://api.themoviedb.org/3/movie/550?api_key=5dba1876f2432e45e087200843cf85f8 | headers: Accept: */* | Content-Type: application/json | body: <empty>
[main] INFO http-requests - HTTP REQUEST -> GET https://api.themoviedb.org/3/movie/550?api_key=5dba1876f2432e45e087200843cf85f8 | headers: Accept: */* | Content-Type: application/json | body: <empty>
[main] INFO http-requests - HTTP REQUEST -> GET https://api.themoviedb.org/3/movie/550?api_key=5dba1876f2432e45e087200843cf85f8 | headers: Accept: */* | Content-Type: application/json | body: <empty>
[main] INFO http-requests - HTTP REQUEST -> GET https://api.themoviedb.org/3/movie/550?api_key=5dba1876f2432e45e087200843cf85f8 | headers: Accept: */* | Content-Type: application/json | body: <empty>
[main] INFO http-requests - HTTP RESPONSE <- GET https://api.themoviedb.org/3/movie/550?api_key=5dba1876f2432e45e087200843cf85f8 | status: 200 | content-type: application/json;charset=utf-8 | body-size: 1675
[main] INFO http-requests - HTTP RESPONSE <- GET https://api.themoviedb.org/3/movie/550?api_key=5dba1876f2432e45e087200843cf85f8 | status: 200 | content-type: application/json;charset=utf-8 | body-size: 1675
[main] INFO http-requests - HTTP RESPONSE <- GET https://api.themoviedb.org/3/movie/550?api_key=5dba1876f2432e45e087200843cf85f8 | status: 200 | content-type: application/json;charset=utf-8 | body-size: 1675
[main] INFO http-requests - HTTP RESPONSE <- GET https://api.themoviedb.org/3/movie/550?api_key=5dba1876f2432e45e087200843cf85f8 | status: 200 | content-type: application/json;charset=utf-8 | body-size: 1675
[main] INFO http-requests - HTTP RESPONSE <- GET https://api.themoviedb.org/3/movie/550?api_key=5dba1876f2432e45e087200843cf85f8 | status: 200 | content-type: application/json;charset=utf-8 | body-size: 1675
[main] INFO http-requests - HTTP RESPONSE <- GET https://api.themoviedb.org/3/movie/550?api_key=5dba1876f2432e45e087200843cf85f8 | status: 200 | content-type: application/json;charset=utf-8 | body-size: 1675
[main] INFO http-requests - HTTP RESPONSE <- GET https://api.themoviedb.org/3/movie/550?api_key=5dba1876f2432e45e087200843cf85f8 | status: 200 | content-type: application/json;charset=utf-8 | body-size: 1675
[main] INFO http-requests - HTTP RESPONSE <- GET https://api.themoviedb.org/3/movie/550?api_key=5dba1876f2432e45e087200843cf85f8 | status: 200 | content-type: application/json;charset=utf-8 | body-size: 1675
]]></system-err>
  </testcase>
  <testcase name="getNowPlaying_usingBearerToken_returns200" classname="com.example.tests.TMDBApiTest" time="0.282">
    <system-err><![CDATA[[main] INFO http-requests - HTTP REQUEST -> GET https://api.themoviedb.org/3/movie/now_playing | headers: Authorization: Bearer eyJhbGciOiJIUzI1NiJ9.eyJhdWQiOiI1ZGJhMTg3NmYyNDMyZTQ1ZTA4NzIwMDg0M2NmODVmOCIsIm5iZiI6MTc1NjQ4MTMzNS4xMzc5OTk4LCJzdWIiOiI2OGIxYzczN2U0ZTMzZjFhOWUxZjE2YTgiLCJzY29wZXMiOlsiYXBpX3JlYWQiXSwidmVyc2lvbiI6MX0.WHBjCdpProDznTzpvXXpvV243x__rY6dMdlLZHMXdEM | Accept: */* | Content-Type: application/json | body: <empty>
[main] INFO http-requests - HTTP REQUEST -> GET https://api.themoviedb.org/3/movie/now_playing | headers: Authorization: Bearer eyJhbGciOiJIUzI1NiJ9.eyJhdWQiOiI1ZGJhMTg3NmYyNDMyZTQ1ZTA4NzIwMDg0M2NmODVmOCIsIm5iZiI6MTc1NjQ4MTMzNS4xMzc5OTk4LCJzdWIiOiI2OGIxYzczN2U0ZTMzZjFhOWUxZjE2YTgiLCJzY29wZXMiOlsiYXBpX3JlYWQiXSwidmVyc2lvbiI6MX0.WHBjCdpProDznTzpvXXpvV243x__rY6dMdlLZHMXdEM | Accept: */* | Content-Type: application/json | body: <empty>
[main] INFO http-requests - HTTP REQUEST -> GET https://api.themoviedb.org/3/movie/now_playing | headers: Authorization: Bearer eyJhbGciOiJIUzI1NiJ9.eyJhdWQiOiI1ZGJhMTg3NmYyNDMyZTQ1ZTA4NzIwMDg0M2NmODVmOCIsIm5iZiI6MTc1NjQ4MTMzNS4xMzc5OTk4LCJzdWIiOiI2OGIxYzczN2U0ZTMzZjFhOWUxZjE2YTgiLCJzY29wZXMiOlsiYXBpX3JlYWQiXSwidmVyc2lvbiI6MX0.WHBjCdpProDznTzpvXXpvV243x__rY6dMdlLZHMXdEM | Accept: */* | Content-Type: application/json | body: <empty>
[main] INFO http-requests - HTTP REQUEST -> GET https://api.themoviedb.org/3/movie/now_playing | headers: Authorization: Bearer eyJhbGciOiJIUzI1NiJ9.eyJhdWQiOiI1ZGJhMTg3NmYyNDMyZTQ1ZTA4NzIwMDg0M2NmODVmOCIsIm5iZiI6MTc1NjQ4MTMzNS4xMzc5OTk4LCJzdWIiOiI2OGIxYzczN2U0ZTMzZjFhOWUxZjE2YTgiLCJzY29wZXMiOlsiYXBpX3JlYWQiXSwidmVyc2lvbiI6MX0.WHBjCdpProDznTzpvXXpvV243x__rY6dMdlLZHMXdEM | Accept: */* | Content-Type: application/json | body: <empty>
[main] INFO http-requests - HTTP REQUEST -> GET https://api.themoviedb.org/3/movie/now_playing | headers: Authorization: Bearer eyJhbGciOiJIUzI1NiJ9.eyJhdWQiOiI1ZGJhMTg3NmYyNDMyZTQ1ZTA4NzIwMDg0M2NmODVmOCIsIm5iZiI6MTc1NjQ4MTMzNS4xMzc5OTk4LCJzdWIiOiI2OGIxYzczN2U0ZTMzZjFhOWUxZjE2YTgiLCJzY29wZXMiOlsiYXBpX3JlYWQiXSwidmVyc2lvbiI6MX0.WHBjCdpProDznTzpvXXpvV243x__rY6dMdlLZHMXdEM | Accept: */* | Content-Type: application/json | body: <empty>
[main] INFO http-requests - HTTP REQUEST -> GET https://api.themoviedb.org/3/movie/now_playing | headers: Authorization: Bearer eyJhbGciOiJIUzI1NiJ9.eyJhdWQiOiI1ZGJhMTg3NmYyNDMyZTQ1ZTA4NzIwMDg0M2NmODVmOCIsIm5iZiI6MTc1NjQ4MTMzNS4xMzc5OTk4LCJzdWIiOiI2OGIxYzczN2U0ZTMzZjFhOWUxZjE2YTgiLCJzY29wZXMiOlsiYXBpX3JlYWQiXSwidmVyc2lvbiI6MX0.WHBjCdpProDznTzpvXXpvV243x__rY6dMdlLZHMXdEM | Accept: */* | Content-Type: application/json | body: <empty>
[main] INFO http-requests - HTTP REQUEST -> GET https://api.themoviedb.org/3/movie/now_playing | headers: Authorization: Bearer eyJhbGciOiJIUzI1NiJ9.eyJhdWQiOiI1ZGJhMTg3NmYyNDMyZTQ1ZTA4NzIwMDg0M2NmODVmOCIsIm5iZiI6MTc1NjQ4MTMzNS4xMzc5OTk4LCJzdWIiOiI2OGIxYzczN2U0ZTMzZjFhOWUxZjE2YTgiLCJzY29wZXMiOlsiYXBpX3JlYWQiXSwidmVyc2lvbiI6MX0.WHBjCdpProDznTzpvXXpvV243x__rY6dMdlLZHMXdEM | Accept: */* | Content-Type: application/json | body: <empty>
[main] INFO http-requests - HTTP REQUEST -> GET https://api.themoviedb.org/3/movie/now_playing | headers: Authorization: Bearer eyJhbGciOiJIUzI1NiJ9.eyJhdWQiOiI1ZGJhMTg3NmYyNDMyZTQ1ZTA4NzIwMDg0M2NmODVmOCIsIm5iZiI6MTc1NjQ4MTMzNS4xMzc5OTk4LCJzdWIiOiI2OGIxYzczN2U0ZTMzZjFhOWUxZjE2YTgiLCJzY29wZXMiOlsiYXBpX3JlYWQiXSwidmVyc2lvbiI6MX0.WHBjCdpProDznTzpvXXpvV243x__rY6dMdlLZHMXdEM | Accept: */* | Content-Type: application/json | body: <empty>
[main] INFO http-requests - HTTP REQUEST -> GET https://api.themoviedb.org/3/movie/now_playing | headers: Authorization: Bearer eyJhbGciOiJIUzI1NiJ9.eyJhdWQiOiI1ZGJhMTg3NmYyNDMyZTQ1ZTA4NzIwMDg0M2NmODVmOCIsIm5iZiI6MTc1NjQ4MTMzNS4xMzc5OTk4LCJzdWIiOiI2OGIxYzczN2U0ZTMzZjFhOWUxZjE2YTgiLCJzY29wZXMiOlsiYXBpX3JlYWQiXSwidmVyc2lvbiI6MX0.WHBjCdpProDznTzpvXXpvV243x__rY6dMdlLZHMXdEM | Accept: */* | Content-Type: application/json | body: <empty>
[main] INFO http-requests - HTTP RESPONSE <- GET https://api.themoviedb.org/3/movie/now_playing | status: 200 | content-type: application/json;charset=utf-8 | body-size: 13352
[main] INFO http-requests - HTTP RESPONSE <- GET https://api.themoviedb.org/3/movie/now_playing | status: 200 | content-type: application/json;charset=utf-8 | body-size: 13352
[main] INFO http-requests - HTTP RESPONSE <- GET https://api.themoviedb.org/3/movie/now_playing | status: 200 | content-type: application/json;charset=utf-8 | body-size: 13352
[main] INFO http-requests - HTTP RESPONSE <- GET https://api.themoviedb.org/3/movie/now_playing | status: 200 | content-type: application/json;charset=utf-8 | body-size: 13352
[main] INFO http-requests - HTTP RESPONSE <- GET https://api.themoviedb.org/3/movie/now_playing | status: 200 | content-type: application/json;charset=utf-8 | body-size: 13352
[main] INFO http-requests - HTTP RESPONSE <- GET https://api.themoviedb.org/3/movie/now_playing | status: 200 | content-type: application/json;charset=utf-8 | body-size: 13352
[main] INFO http-requests - HTTP RESPONSE <- GET https://api.themoviedb.org/3/movie/now_playing | status: 200 | content-type: application/json;charset=utf-8 | body-size: 13352
[main] INFO http-requests - HTTP RESPONSE <- GET https://api.themoviedb.org/3/movie/now_playing | status: 200 | content-type: application/json;charset=utf-8 | body-size: 13352
[main] INFO http-requests - HTTP RESPONSE <- GET https://api.themoviedb.org/3/movie/now_playing | status: 200 | content-type: application/json;charset=utf-8 | body-size: 13352
]]></system-err>
  </testcase>
</testsuite>